{"/home/runner/workspace/client/src/components/ui/aspect-ratio.tsx": {"path":"/home/runner/workspace/client/src/components/ui/aspect-ratio.tsx","statementMap":{"0":{"start":{"line":3,"column":20},"end":{"line":3,"column":45}}},"fnMap":{},"branchMap":{},"s":{"0":0},"f":{},"b":{}}
,"/home/runner/workspace/client/src/components/ui/collapsible.tsx": {"path":"/home/runner/workspace/client/src/components/ui/collapsible.tsx","statementMap":{"0":{"start":{"line":3,"column":20},"end":{"line":3,"column":45}},"1":{"start":{"line":5,"column":27},"end":{"line":5,"column":66}},"2":{"start":{"line":7,"column":27},"end":{"line":7,"column":66}}},"fnMap":{},"branchMap":{},"s":{"0":0,"1":0,"2":0},"f":{},"b":{}}
,"/home/runner/workspace/client/src/hooks/use-mobile.tsx": {"path":"/home/runner/workspace/client/src/hooks/use-mobile.tsx","statementMap":{"0":{"start":{"line":3,"column":26},"end":{"line":3,"column":29}},"1":{"start":{"line":6,"column":34},"end":{"line":6,"column":80}},"2":{"start":{"line":8,"column":2},"end":{"line":16,"column":8}},"3":{"start":{"line":9,"column":16},"end":{"line":9,"column":76}},"4":{"start":{"line":10,"column":21},"end":{"line":12,"column":5}},"5":{"start":{"line":11,"column":6},"end":{"line":11,"column":56}},"6":{"start":{"line":13,"column":4},"end":{"line":13,"column":44}},"7":{"start":{"line":14,"column":4},"end":{"line":14,"column":54}},"8":{"start":{"line":15,"column":4},"end":{"line":15,"column":60}},"9":{"start":{"line":15,"column":17},"end":{"line":15,"column":60}},"10":{"start":{"line":18,"column":2},"end":{"line":18,"column":19}}},"fnMap":{"0":{"name":"useIsMobile","decl":{"start":{"line":5,"column":16},"end":{"line":5,"column":27}},"loc":{"start":{"line":5,"column":30},"end":{"line":19,"column":1}},"line":5},"1":{"name":"(anonymous_1)","decl":{"start":{"line":8,"column":18},"end":{"line":8,"column":19}},"loc":{"start":{"line":8,"column":24},"end":{"line":16,"column":3}},"line":8},"2":{"name":"(anonymous_2)","decl":{"start":{"line":10,"column":21},"end":{"line":10,"column":22}},"loc":{"start":{"line":10,"column":27},"end":{"line":12,"column":5}},"line":10},"3":{"name":"(anonymous_3)","decl":{"start":{"line":15,"column":11},"end":{"line":15,"column":12}},"loc":{"start":{"line":15,"column":17},"end":{"line":15,"column":60}},"line":15}},"branchMap":{},"s":{"0":0,"1":0,"2":0,"3":0,"4":0,"5":0,"6":0,"7":0,"8":0,"9":0,"10":0},"f":{"0":0,"1":0,"2":0,"3":0},"b":{}}
,"/home/runner/workspace/server/db.ts": {"path":"/home/runner/workspace/server/db.ts","statementMap":{"0":{"start":{"line":6,"column":0},"end":{"line":6,"column":37}},"1":{"start":{"line":8,"column":0},"end":{"line":12,"column":1}},"2":{"start":{"line":9,"column":2},"end":{"line":11,"column":4}},"3":{"start":{"line":14,"column":20},"end":{"line":14,"column":76}},"4":{"start":{"line":15,"column":18},"end":{"line":15,"column":51}}},"fnMap":{},"branchMap":{"0":{"loc":{"start":{"line":8,"column":0},"end":{"line":12,"column":1}},"type":"if","locations":[{"start":{"line":8,"column":0},"end":{"line":12,"column":1}},{"start":{},"end":{}}],"line":8}},"s":{"0":0,"1":0,"2":0,"3":0,"4":0},"f":{},"b":{"0":[0,0]}}
}
